[debug] [2023-05-18T21:47:47.767Z] ----------------------------------------------------------------------
[debug] [2023-05-18T21:47:47.768Z] Command:       D:\Node.js\node.exe C:\Users\PC\AppData\Roaming\npm\node_modules\firebase-tools\lib\bin\firebase.js init hosting
[debug] [2023-05-18T21:47:47.769Z] CLI Version:   12.0.1
[debug] [2023-05-18T21:47:47.769Z] Platform:      win32
[debug] [2023-05-18T21:47:47.769Z] Node Version:  v16.15.0
[debug] [2023-05-18T21:47:47.770Z] Time:          Fri May 19 2023 00:47:47 GMT+0300 (Източноевропейско лятно часово време)
[debug] [2023-05-18T21:47:47.770Z] ----------------------------------------------------------------------
[debug] 
[debug] [2023-05-18T21:47:47.776Z] > command requires scopes: ["email","openid","https://www.googleapis.com/auth/cloudplatformprojects.readonly","https://www.googleapis.com/auth/firebase","https://www.googleapis.com/auth/cloud-platform"]
[debug] [2023-05-18T21:47:47.776Z] > authorizing via signed-in user (twisted.bulgaria@gmail.com)
[info] 
     ######## #### ########  ######## ########     ###     ######  ########
     ##        ##  ##     ## ##       ##     ##  ##   ##  ##       ##
     ######    ##  ########  ######   ########  #########  ######  ######
     ##        ##  ##    ##  ##       ##     ## ##     ##       ## ##
     ##       #### ##     ## ######## ########  ##     ##  ######  ########

You're about to initialize a Firebase project in this directory:

  D:\twisted\Twisted

[info] 
=== Project Setup
[info] 
[info] First, let's associate this project directory with a Firebase project.
[info] You can create multiple project aliases by running firebase use --add, 
[info] but for now we'll just set up a default project.
[info] 
[debug] [2023-05-18T21:47:59.987Z] >>> [apiv2][query] GET https://firebase.googleapis.com/v1beta1/projects pageSize=100
[debug] [2023-05-18T21:48:00.481Z] <<< [apiv2][status] GET https://firebase.googleapis.com/v1beta1/projects 200
[debug] [2023-05-18T21:48:00.481Z] <<< [apiv2][body] GET https://firebase.googleapis.com/v1beta1/projects [omitted]
[info] i  Using project twisted-ccb70 (Twisted) 
[info] 
=== Hosting Setup
[info] 
[info] Your public directory is the folder (relative to your project directory) that
[info] will contain Hosting assets to be uploaded with firebase deploy. If you
[info] have a build process for your assets, use your build's output directory.
[info] 
[debug] [2023-05-18T21:48:17.856Z] >>> [apiv2][query] GET https://www.gstatic.com/firebasejs/releases.json [none]
[debug] [2023-05-18T21:48:17.944Z] <<< [apiv2][status] GET https://www.gstatic.com/firebasejs/releases.json 200
[debug] [2023-05-18T21:48:17.944Z] <<< [apiv2][body] GET https://www.gstatic.com/firebasejs/releases.json {"current":{"version":"9.22.0","browserURL":"https://www.gstatic.com/firebasejs/9.22.0/firebase.js","packageURL":"https://www.gstatic.com/firebasejs/9.22.0/firebase.tgz"},"live":{"version":"9.22","browserURL":"https://www.gstatic.com/firebasejs/live/9.22/firebase.js","packageURL":"https://www.gstatic.com/firebasejs/live/9.22/firebase.tgz"},"components":{"analytics":"https://www.gstatic.com/firebasejs/9.22.0/firebase-analytics.js","app":"https://www.gstatic.com/firebasejs/9.22.0/firebase-app.js","app-check":"https://www.gstatic.com/firebasejs/9.22.0/firebase-app-check.js","auth":"https://www.gstatic.com/firebasejs/9.22.0/firebase-auth.js","auth/cordova":"https://www.gstatic.com/firebasejs/9.22.0/firebase-auth/cordova.js","auth/react-native":"https://www.gstatic.com/firebasejs/9.22.0/firebase-auth/react-native.js","functions":"https://www.gstatic.com/firebasejs/9.22.0/firebase-functions.js","firestore":"https://www.gstatic.com/firebasejs/9.22.0/firebase-firestore.js","firestore/lite":"https://www.gstatic.com/firebasejs/9.22.0/firebase-firestore/lite.js","installations":"https://www.gstatic.com/firebasejs/9.22.0/firebase-installations.js","storage":"https://www.gstatic.com/firebasejs/9.22.0/firebase-storage.js","performance":"https://www.gstatic.com/firebasejs/9.22.0/firebase-performance.js","remote-config":"https://www.gstatic.com/firebasejs/9.22.0/firebase-remote-config.js","messaging":"https://www.gstatic.com/firebasejs/9.22.0/firebase-messaging.js","messaging/sw":"https://www.gstatic.com/firebasejs/9.22.0/firebase-messaging/sw.js","database":"https://www.gstatic.com/firebasejs/9.22.0/firebase-database.js","firestore.memory":"https://www.gstatic.com/firebasejs/9.22.0/firebase-firestore.memory.js"}}
[info] i  Skipping write of public/index.html 
[info] 
[info] i  Detected a .git folder at D:\twisted\Twisted 
[info] i  Authorizing with GitHub to upload your service account to a GitHub repository's secrets store. 
[info] 
[info] Visit this URL on this device to log in:
[info] https://github.com/login/oauth/authorize?client_id=89cf50f02ac6aaed3484&state=234437276&redirect_uri=http%3A%2F%2Flocalhost%3A9005&scope=read%3Auser%20repo%20public_repo
[info] 
[info] Waiting for authentication...
[debug] [2023-05-18T21:48:24.335Z] >>> [apiv2][query] POST https://github.com/login/oauth/access_token [none]
[debug] [2023-05-18T21:48:24.335Z] >>> [apiv2][body] POST https://github.com/login/oauth/access_token [stream]
[debug] [2023-05-18T21:48:24.613Z] <<< [apiv2][status] POST https://github.com/login/oauth/access_token 200
[debug] [2023-05-18T21:48:24.613Z] <<< [apiv2][body] POST https://github.com/login/oauth/access_token {"access_token":"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","token_type":"bearer","scope":"read:user,repo"}
[debug] [2023-05-18T21:48:24.624Z] >>> [apiv2][query] GET https://api.github.com/user [none]
[debug] [2023-05-18T21:48:24.934Z] <<< [apiv2][status] GET https://api.github.com/user 200
[debug] [2023-05-18T21:48:24.934Z] <<< [apiv2][body] GET https://api.github.com/user {"login":"MartinSimeonov99","id":108821064,"node_id":"U_kgDOBnx6SA","avatar_url":"https://avatars.githubusercontent.com/u/108821064?v=4","gravatar_id":"","url":"https://api.github.com/users/MartinSimeonov99","html_url":"https://github.com/MartinSimeonov99","followers_url":"https://api.github.com/users/MartinSimeonov99/followers","following_url":"https://api.github.com/users/MartinSimeonov99/following{/other_user}","gists_url":"https://api.github.com/users/MartinSimeonov99/gists{/gist_id}","starred_url":"https://api.github.com/users/MartinSimeonov99/starred{/owner}{/repo}","subscriptions_url":"https://api.github.com/users/MartinSimeonov99/subscriptions","organizations_url":"https://api.github.com/users/MartinSimeonov99/orgs","repos_url":"https://api.github.com/users/MartinSimeonov99/repos","events_url":"https://api.github.com/users/MartinSimeonov99/events{/privacy}","received_events_url":"https://api.github.com/users/MartinSimeonov99/received_events","type":"User","site_admin":false,"name":null,"company":null,"blog":"","location":null,"email":null,"hireable":null,"bio":null,"twitter_username":null,"public_repos":10,"public_gists":0,"followers":1,"following":0,"created_at":"2022-07-06T15:34:37Z","updated_at":"2023-03-27T19:41:11Z","private_gists":0,"total_private_repos":1,"owned_private_repos":1,"disk_usage":2299,"collaborators":0,"two_factor_authentication":false,"plan":{"name":"free","space":976562499,"collaborators":0,"private_repos":10000}}
[info] 
[info] +  Success! Logged into GitHub as MartinSimeonov99 
[info] 
[debug] [2023-05-18T21:48:36.023Z] >>> [apiv2][query] GET https://api.github.com/repos//actions/secrets/public-key type=owner
[debug] [2023-05-18T21:48:36.232Z] <<< [apiv2][status] GET https://api.github.com/repos//actions/secrets/public-key 404
[debug] [2023-05-18T21:48:36.232Z] <<< [apiv2][body] GET https://api.github.com/repos//actions/secrets/public-key {"message":"Not Found","documentation_url":"https://docs.github.com/rest"}
[info] 
[info] 
[error] !  The provided authorization cannot be used with this repository. If this repository is in an organization, did you remember to grant access? 
[info] 
[info] i  Action required: Visit this URL to ensure access has been granted to the appropriate organization(s) for the Firebase CLI GitHub OAuth App: 
[info] https://github.com/settings/connections/applications/89cf50f02ac6aaed3484
[info] 
